carpoolbuddy/android/app/build/intermediates/manifest_merge_blame_file/debug/manifest-merger-blame-debug-report.txt
1<?xml version="1.0" encoding="utf-8"?>
2<manifest xmlns:android="http://schemas.android.com/apk/res/android"
3    package="com.example.carpoolbuddy"
4    android:versionCode="1"
5    android:versionName="0.1.0" >
6
7    <uses-sdk
8        android:minSdkVersion="23"
9        android:targetSdkVersion="34" />
10    <!--
11         The INTERNET permission is required for development. Specifically,
12         the Flutter tool needs it to communicate with the running application
13         to allow setting breakpoints, to provide hot reload, etc.
14    -->
15    <uses-permission android:name="android.permission.INTERNET" />
15-->src\debug\AndroidManifest.xml:6:5-66
15-->src\debug\AndroidManifest.xml:6:22-64
16    <!--
17     Required to query activities that can process text, see:
18         https://developer.android.com/training/package-visibility and
19         https://developer.android.com/reference/android/content/Intent#ACTION_PROCESS_TEXT.
20
21         In particular, this is used by the Flutter engine in io.flutter.plugin.text.ProcessTextPlugin.
22    -->
23    <queries>
23-->src\main\AndroidManifest.xml:42:5-47:15
24        <intent>
24-->src\main\AndroidManifest.xml:43:9-46:18
25            <action android:name="android.intent.action.PROCESS_TEXT" />
25-->src\main\AndroidManifest.xml:44:13-72
25-->src\main\AndroidManifest.xml:44:21-70
26
27            <data android:mimeType="text/plain" />
27-->src\main\AndroidManifest.xml:45:13-50
27-->src\main\AndroidManifest.xml:45:19-48
28        </intent>
29        <!-- Needs to be explicitly declared on Android R+ -->
30        <package android:name="com.google.android.apps.maps" />
30-->[com.google.android.gms:play-services-maps:18.2.0] AndroidManifest.xml:33:9-64
30-->[com.google.android.gms:play-services-maps:18.2.0] AndroidManifest.xml:33:18-61
31    </queries>
32
33    <uses-permission android:name="android.permission.WAKE_LOCK" />
33-->[:firebase_messaging] AndroidManifest.xml:10:5-68
33-->[:firebase_messaging] AndroidManifest.xml:10:22-65
34    <uses-permission android:name="android.permission.ACCESS_NETWORK_STATE" /> <!-- Permissions options for the `notification` group -->
34-->[:firebase_messaging] AndroidManifest.xml:11:5-79
34-->[:firebase_messaging] AndroidManifest.xml:11:22-76
35    <uses-permission android:name="android.permission.POST_NOTIFICATIONS" />
35-->[:firebase_messaging] AndroidManifest.xml:13:5-77
35-->[:firebase_messaging] AndroidManifest.xml:13:22-74
36    <uses-permission android:name="android.permission.ACCESS_COARSE_LOCATION" />
36-->[:location] AndroidManifest.xml:9:5-81
36-->[:location] AndroidManifest.xml:9:22-78
37    <uses-permission android:name="android.permission.ACCESS_FINE_LOCATION" />
37-->[:location] AndroidManifest.xml:10:5-79
37-->[:location] AndroidManifest.xml:10:22-76
38    <uses-permission android:name="com.google.android.providers.gsf.permission.READ_GSERVICES" /> <!-- Required by older versions of Google Play services to create IID tokens -->
38-->[com.google.android.recaptcha:recaptcha:18.4.0] AndroidManifest.xml:9:5-98
38-->[com.google.android.recaptcha:recaptcha:18.4.0] AndroidManifest.xml:9:22-95
39    <uses-permission android:name="com.google.android.c2dm.permission.RECEIVE" />
39-->[com.google.firebase:firebase-messaging:24.0.0] AndroidManifest.xml:26:5-82
39-->[com.google.firebase:firebase-messaging:24.0.0] AndroidManifest.xml:26:22-79
40
41    <uses-feature
41-->[com.google.android.gms:play-services-maps:18.2.0] AndroidManifest.xml:26:5-28:35
42        android:glEsVersion="0x00020000"
42-->[com.google.android.gms:play-services-maps:18.2.0] AndroidManifest.xml:27:9-41
43        android:required="true" />
43-->[com.google.android.gms:play-services-maps:18.2.0] AndroidManifest.xml:28:9-32
44
45    <permission
45-->[androidx.core:core:1.13.1] AndroidManifest.xml:22:5-24:47
46        android:name="com.example.carpoolbuddy.DYNAMIC_RECEIVER_NOT_EXPORTED_PERMISSION"
46-->[androidx.core:core:1.13.1] AndroidManifest.xml:23:9-81
47        android:protectionLevel="signature" />
47-->[androidx.core:core:1.13.1] AndroidManifest.xml:24:9-44
48
49    <uses-permission android:name="com.example.carpoolbuddy.DYNAMIC_RECEIVER_NOT_EXPORTED_PERMISSION" />
49-->[androidx.core:core:1.13.1] AndroidManifest.xml:26:5-97
49-->[androidx.core:core:1.13.1] AndroidManifest.xml:26:22-94
50
51    <application
52        android:name="android.app.Application"
53        android:appComponentFactory="androidx.core.app.CoreComponentFactory"
53-->[androidx.core:core:1.13.1] AndroidManifest.xml:28:18-86
54        android:debuggable="true"
55        android:extractNativeLibs="false"
56        android:icon="@mipmap/ic_launcher"
57        android:label="carpoolbuddy" >
58        <activity
59            android:name="com.example.carpoolbuddy.MainActivity"
60            android:configChanges="orientation|keyboardHidden|keyboard|screenSize|smallestScreenSize|locale|layoutDirection|fontScale|screenLayout|density|uiMode"
61            android:exported="true"
62            android:hardwareAccelerated="true"
63            android:launchMode="singleTop"
64            android:taskAffinity=""
65            android:theme="@style/LaunchTheme"
66            android:windowSoftInputMode="adjustResize" >
67
68            <!--
69                 Specifies an Android theme to apply to this Activity as soon as
70                 the Android process has started. This theme is visible to the user
71                 while the Flutter UI initializes. After that, this theme continues
72                 to determine the Window background behind the Flutter UI.
73            -->
74            <meta-data
75                android:name="io.flutter.embedding.android.NormalTheme"
76                android:resource="@style/NormalTheme" />
77
78            <intent-filter>
79                <action android:name="android.intent.action.MAIN" />
80
81                <category android:name="android.intent.category.LAUNCHER" />
82            </intent-filter>
83        </activity>
84        <!--
85             Don't delete the meta-data below.
86             This is used by the Flutter tool to generate GeneratedPluginRegistrant.java
87        -->
88        <meta-data
89            android:name="flutterEmbedding"
90            android:value="2" />
91        <meta-data
92            android:name="com.google.android.geo.API_KEY"
93            android:value="AIzaSyA4aOnh3ibQpVtfOLvkFO66h5D8nKfPP0E" />
94
95        <service
95-->[:cloud_firestore] AndroidManifest.xml:10:9-14:19
96            android:name="com.google.firebase.components.ComponentDiscoveryService"
96-->[:cloud_firestore] AndroidManifest.xml:10:18-89
97            android:directBootAware="true"
97-->[com.google.firebase:firebase-common:21.0.0] AndroidManifest.xml:32:13-43
98            android:exported="false" >
98-->[com.google.firebase:firebase-auth:23.0.0] AndroidManifest.xml:68:13-37
99            <meta-data
99-->[:cloud_firestore] AndroidManifest.xml:11:13-13:85
100                android:name="com.google.firebase.components:io.flutter.plugins.firebase.firestore.FlutterFirebaseFirestoreRegistrar"
100-->[:cloud_firestore] AndroidManifest.xml:12:17-134
101                android:value="com.google.firebase.components.ComponentRegistrar" />
101-->[:cloud_firestore] AndroidManifest.xml:13:17-82
102            <meta-data
102-->[:firebase_auth] AndroidManifest.xml:11:13-13:85
103                android:name="com.google.firebase.components:io.flutter.plugins.firebase.auth.FlutterFirebaseAuthRegistrar"
103-->[:firebase_auth] AndroidManifest.xml:12:17-124
104                android:value="com.google.firebase.components.ComponentRegistrar" />
104-->[:firebase_auth] AndroidManifest.xml:13:17-82
105            <meta-data
105-->[:firebase_messaging] AndroidManifest.xml:38:13-40:85
106                android:name="com.google.firebase.components:io.flutter.plugins.firebase.messaging.FlutterFirebaseAppRegistrar"
106-->[:firebase_messaging] AndroidManifest.xml:39:17-128
107                android:value="com.google.firebase.components.ComponentRegistrar" />
107-->[:firebase_messaging] AndroidManifest.xml:40:17-82
108            <meta-data
108-->[:firebase_storage] AndroidManifest.xml:11:13-13:85
109                android:name="com.google.firebase.components:io.flutter.plugins.firebase.storage.FlutterFirebaseAppRegistrar"
109-->[:firebase_storage] AndroidManifest.xml:12:17-126
110                android:value="com.google.firebase.components.ComponentRegistrar" />
110-->[:firebase_storage] AndroidManifest.xml:13:17-82
111            <meta-data
111-->[:firebase_core] AndroidManifest.xml:11:13-13:85
112                android:name="com.google.firebase.components:io.flutter.plugins.firebase.core.FlutterFirebaseCoreRegistrar"
112-->[:firebase_core] AndroidManifest.xml:12:17-124
113                android:value="com.google.firebase.components.ComponentRegistrar" />
113-->[:firebase_core] AndroidManifest.xml:13:17-82
114            <meta-data
114-->[com.google.firebase:firebase-auth:23.0.0] AndroidManifest.xml:69:13-71:85
115                android:name="com.google.firebase.components:com.google.firebase.auth.FirebaseAuthRegistrar"
115-->[com.google.firebase:firebase-auth:23.0.0] AndroidManifest.xml:70:17-109
116                android:value="com.google.firebase.components.ComponentRegistrar" />
116-->[com.google.firebase:firebase-auth:23.0.0] AndroidManifest.xml:71:17-82
117            <meta-data
117-->[com.google.firebase:firebase-firestore:25.0.0] AndroidManifest.xml:17:13-19:85
118                android:name="com.google.firebase.components:com.google.firebase.firestore.FirebaseFirestoreKtxRegistrar"
118-->[com.google.firebase:firebase-firestore:25.0.0] AndroidManifest.xml:18:17-122
119                android:value="com.google.firebase.components.ComponentRegistrar" />
119-->[com.google.firebase:firebase-firestore:25.0.0] AndroidManifest.xml:19:17-82
120            <meta-data
120-->[com.google.firebase:firebase-firestore:25.0.0] AndroidManifest.xml:20:13-22:85
121                android:name="com.google.firebase.components:com.google.firebase.firestore.FirestoreRegistrar"
121-->[com.google.firebase:firebase-firestore:25.0.0] AndroidManifest.xml:21:17-111
122                android:value="com.google.firebase.components.ComponentRegistrar" />
122-->[com.google.firebase:firebase-firestore:25.0.0] AndroidManifest.xml:22:17-82
123            <meta-data
123-->[com.google.firebase:firebase-storage:21.0.0] AndroidManifest.xml:30:13-32:85
124                android:name="com.google.firebase.components:com.google.firebase.storage.FirebaseStorageKtxRegistrar"
124-->[com.google.firebase:firebase-storage:21.0.0] AndroidManifest.xml:31:17-118
125                android:value="com.google.firebase.components.ComponentRegistrar" />
125-->[com.google.firebase:firebase-storage:21.0.0] AndroidManifest.xml:32:17-82
126            <meta-data
126-->[com.google.firebase:firebase-storage:21.0.0] AndroidManifest.xml:33:13-35:85
127                android:name="com.google.firebase.components:com.google.firebase.storage.StorageRegistrar"
127-->[com.google.firebase:firebase-storage:21.0.0] AndroidManifest.xml:34:17-107
128                android:value="com.google.firebase.components.ComponentRegistrar" />
128-->[com.google.firebase:firebase-storage:21.0.0] AndroidManifest.xml:35:17-82
129            <meta-data
129-->[com.google.firebase:firebase-messaging:24.0.0] AndroidManifest.xml:57:13-59:85
130                android:name="com.google.firebase.components:com.google.firebase.messaging.FirebaseMessagingKtxRegistrar"
130-->[com.google.firebase:firebase-messaging:24.0.0] AndroidManifest.xml:58:17-122
131                android:value="com.google.firebase.components.ComponentRegistrar" />
131-->[com.google.firebase:firebase-messaging:24.0.0] AndroidManifest.xml:59:17-82
132            <meta-data
132-->[com.google.firebase:firebase-messaging:24.0.0] AndroidManifest.xml:60:13-62:85
133                android:name="com.google.firebase.components:com.google.firebase.messaging.FirebaseMessagingRegistrar"
133-->[com.google.firebase:firebase-messaging:24.0.0] AndroidManifest.xml:61:17-119
134                android:value="com.google.firebase.components.ComponentRegistrar" />
134-->[com.google.firebase:firebase-messaging:24.0.0] AndroidManifest.xml:62:17-82
135            <meta-data
135-->[com.google.firebase:firebase-installations:18.0.0] AndroidManifest.xml:15:13-17:85
136                android:name="com.google.firebase.components:com.google.firebase.installations.FirebaseInstallationsKtxRegistrar"
136-->[com.google.firebase:firebase-installations:18.0.0] AndroidManifest.xml:16:17-130
137                android:value="com.google.firebase.components.ComponentRegistrar" />
137-->[com.google.firebase:firebase-installations:18.0.0] AndroidManifest.xml:17:17-82
138            <meta-data
138-->[com.google.firebase:firebase-installations:18.0.0] AndroidManifest.xml:18:13-20:85
139                android:name="com.google.firebase.components:com.google.firebase.installations.FirebaseInstallationsRegistrar"
139-->[com.google.firebase:firebase-installations:18.0.0] AndroidManifest.xml:19:17-127
140                android:value="com.google.firebase.components.ComponentRegistrar" />
140-->[com.google.firebase:firebase-installations:18.0.0] AndroidManifest.xml:20:17-82
141            <meta-data
141-->[com.google.firebase:firebase-appcheck:18.0.0] AndroidManifest.xml:25:13-27:85
142                android:name="com.google.firebase.components:com.google.firebase.appcheck.FirebaseAppCheckKtxRegistrar"
142-->[com.google.firebase:firebase-appcheck:18.0.0] AndroidManifest.xml:26:17-120
143                android:value="com.google.firebase.components.ComponentRegistrar" />
143-->[com.google.firebase:firebase-appcheck:18.0.0] AndroidManifest.xml:27:17-82
144            <meta-data
144-->[com.google.firebase:firebase-appcheck:18.0.0] AndroidManifest.xml:28:13-30:85
145                android:name="com.google.firebase.components:com.google.firebase.appcheck.FirebaseAppCheckRegistrar"
145-->[com.google.firebase:firebase-appcheck:18.0.0] AndroidManifest.xml:29:17-117
146                android:value="com.google.firebase.components.ComponentRegistrar" />
146-->[com.google.firebase:firebase-appcheck:18.0.0] AndroidManifest.xml:30:17-82
147            <meta-data
147-->[com.google.firebase:firebase-common-ktx:21.0.0] AndroidManifest.xml:12:13-14:85
148                android:name="com.google.firebase.components:com.google.firebase.ktx.FirebaseCommonLegacyRegistrar"
148-->[com.google.firebase:firebase-common-ktx:21.0.0] AndroidManifest.xml:13:17-116
149                android:value="com.google.firebase.components.ComponentRegistrar" />
149-->[com.google.firebase:firebase-common-ktx:21.0.0] AndroidManifest.xml:14:17-82
150            <meta-data
150-->[com.google.firebase:firebase-common:21.0.0] AndroidManifest.xml:35:13-37:85
151                android:name="com.google.firebase.components:com.google.firebase.FirebaseCommonKtxRegistrar"
151-->[com.google.firebase:firebase-common:21.0.0] AndroidManifest.xml:36:17-109
152                android:value="com.google.firebase.components.ComponentRegistrar" />
152-->[com.google.firebase:firebase-common:21.0.0] AndroidManifest.xml:37:17-82
153            <meta-data
153-->[com.google.firebase:firebase-datatransport:18.2.0] AndroidManifest.xml:25:13-27:85
154                android:name="com.google.firebase.components:com.google.firebase.datatransport.TransportRegistrar"
154-->[com.google.firebase:firebase-datatransport:18.2.0] AndroidManifest.xml:26:17-115
155                android:value="com.google.firebase.components.ComponentRegistrar" />
155-->[com.google.firebase:firebase-datatransport:18.2.0] AndroidManifest.xml:27:17-82
156        </service>
157        <service
157-->[:firebase_messaging] AndroidManifest.xml:16:9-19:72
158            android:name="io.flutter.plugins.firebase.messaging.FlutterFirebaseMessagingBackgroundService"
158-->[:firebase_messaging] AndroidManifest.xml:17:13-107
159            android:exported="false"
159-->[:firebase_messaging] AndroidManifest.xml:18:13-37
160            android:permission="android.permission.BIND_JOB_SERVICE" />
160-->[:firebase_messaging] AndroidManifest.xml:19:13-69
161        <service
161-->[:firebase_messaging] AndroidManifest.xml:20:9-26:19
162            android:name="io.flutter.plugins.firebase.messaging.FlutterFirebaseMessagingService"
162-->[:firebase_messaging] AndroidManifest.xml:21:13-97
163            android:exported="false" >
163-->[:firebase_messaging] AndroidManifest.xml:22:13-37
164            <intent-filter>
164-->[:firebase_messaging] AndroidManifest.xml:23:13-25:29
165                <action android:name="com.google.firebase.MESSAGING_EVENT" />
165-->[:firebase_messaging] AndroidManifest.xml:24:17-78
165-->[:firebase_messaging] AndroidManifest.xml:24:25-75
166            </intent-filter>
167        </service>
168
169        <receiver
169-->[:firebase_messaging] AndroidManifest.xml:28:9-35:20
170            android:name="io.flutter.plugins.firebase.messaging.FlutterFirebaseMessagingReceiver"
170-->[:firebase_messaging] AndroidManifest.xml:29:13-98
171            android:exported="true"
171-->[:firebase_messaging] AndroidManifest.xml:30:13-36
172            android:permission="com.google.android.c2dm.permission.SEND" >
172-->[:firebase_messaging] AndroidManifest.xml:31:13-73
173            <intent-filter>
173-->[:firebase_messaging] AndroidManifest.xml:32:13-34:29
174                <action android:name="com.google.android.c2dm.intent.RECEIVE" />
174-->[:firebase_messaging] AndroidManifest.xml:33:17-81
174-->[:firebase_messaging] AndroidManifest.xml:33:25-78
175            </intent-filter>
176        </receiver>
177
178        <provider
178-->[:firebase_messaging] AndroidManifest.xml:43:9-47:38
179            android:name="io.flutter.plugins.firebase.messaging.FlutterFirebaseMessagingInitProvider"
179-->[:firebase_messaging] AndroidManifest.xml:44:13-102
180            android:authorities="com.example.carpoolbuddy.flutterfirebasemessaginginitprovider"
180-->[:firebase_messaging] AndroidManifest.xml:45:13-88
181            android:exported="false"
181-->[:firebase_messaging] AndroidManifest.xml:46:13-37
182            android:initOrder="99" />
182-->[:firebase_messaging] AndroidManifest.xml:47:13-35
183        <provider
183-->[:image_picker_android] AndroidManifest.xml:11:9-19:20
184            android:name="io.flutter.plugins.imagepicker.ImagePickerFileProvider"
184-->[:image_picker_android] AndroidManifest.xml:12:13-82
185            android:authorities="com.example.carpoolbuddy.flutter.image_provider"
185-->[:image_picker_android] AndroidManifest.xml:13:13-74
186            android:exported="false"
186-->[:image_picker_android] AndroidManifest.xml:14:13-37
187            android:grantUriPermissions="true" >
187-->[:image_picker_android] AndroidManifest.xml:15:13-47
188            <meta-data
188-->[:image_picker_android] AndroidManifest.xml:16:13-18:75
189                android:name="android.support.FILE_PROVIDER_PATHS"
189-->[:image_picker_android] AndroidManifest.xml:17:17-67
190                android:resource="@xml/flutter_image_picker_file_paths" />
190-->[:image_picker_android] AndroidManifest.xml:18:17-72
191        </provider> <!-- Trigger Google Play services to install the backported photo picker module. -->
192        <service
192-->[:image_picker_android] AndroidManifest.xml:21:9-33:19
193            android:name="com.google.android.gms.metadata.ModuleDependencies"
193-->[:image_picker_android] AndroidManifest.xml:22:13-78
194            android:enabled="false"
194-->[:image_picker_android] AndroidManifest.xml:23:13-36
195            android:exported="false" >
195-->[:image_picker_android] AndroidManifest.xml:24:13-37
196            <intent-filter>
196-->[:image_picker_android] AndroidManifest.xml:26:13-28:29
197                <action android:name="com.google.android.gms.metadata.MODULE_DEPENDENCIES" />
197-->[:image_picker_android] AndroidManifest.xml:27:17-94
197-->[:image_picker_android] AndroidManifest.xml:27:25-91
198            </intent-filter>
199
200            <meta-data
200-->[:image_picker_android] AndroidManifest.xml:30:13-32:36
201                android:name="photopicker_activity:0:required"
201-->[:image_picker_android] AndroidManifest.xml:31:17-63
202                android:value="" />
202-->[:image_picker_android] AndroidManifest.xml:32:17-33
203        </service>
204        <service
204-->[:geolocator_android] AndroidManifest.xml:10:9-14:56
205            android:name="com.baseflow.geolocator.GeolocatorLocationService"
205-->[:geolocator_android] AndroidManifest.xml:11:13-77
206            android:enabled="true"
206-->[:geolocator_android] AndroidManifest.xml:12:13-35
207            android:exported="false"
207-->[:geolocator_android] AndroidManifest.xml:13:13-37
208            android:foregroundServiceType="location" />
208-->[:geolocator_android] AndroidManifest.xml:14:13-53
209        <service
209-->[:location] AndroidManifest.xml:13:9-17:56
210            android:name="com.lyokone.location.FlutterLocationService"
210-->[:location] AndroidManifest.xml:14:13-71
211            android:enabled="true"
211-->[:location] AndroidManifest.xml:15:13-35
212            android:exported="false"
212-->[:location] AndroidManifest.xml:16:13-37
213            android:foregroundServiceType="location" />
213-->[:location] AndroidManifest.xml:17:13-53
214
215        <activity
215-->[com.google.firebase:firebase-auth:23.0.0] AndroidManifest.xml:29:9-46:20
216            android:name="com.google.firebase.auth.internal.GenericIdpActivity"
216-->[com.google.firebase:firebase-auth:23.0.0] AndroidManifest.xml:30:13-80
217            android:excludeFromRecents="true"
217-->[com.google.firebase:firebase-auth:23.0.0] AndroidManifest.xml:31:13-46
218            android:exported="true"
218-->[com.google.firebase:firebase-auth:23.0.0] AndroidManifest.xml:32:13-36
219            android:launchMode="singleTask"
219-->[com.google.firebase:firebase-auth:23.0.0] AndroidManifest.xml:33:13-44
220            android:theme="@android:style/Theme.Translucent.NoTitleBar" >
220-->[com.google.firebase:firebase-auth:23.0.0] AndroidManifest.xml:34:13-72
221            <intent-filter>
221-->[com.google.firebase:firebase-auth:23.0.0] AndroidManifest.xml:35:13-45:29
222                <action android:name="android.intent.action.VIEW" />
222-->[com.google.firebase:firebase-auth:23.0.0] AndroidManifest.xml:36:17-69
222-->[com.google.firebase:firebase-auth:23.0.0] AndroidManifest.xml:36:25-66
223
224                <category android:name="android.intent.category.DEFAULT" />
224-->[com.google.firebase:firebase-auth:23.0.0] AndroidManifest.xml:38:17-76
224-->[com.google.firebase:firebase-auth:23.0.0] AndroidManifest.xml:38:27-73
225                <category android:name="android.intent.category.BROWSABLE" />
225-->[com.google.firebase:firebase-auth:23.0.0] AndroidManifest.xml:39:17-78
225-->[com.google.firebase:firebase-auth:23.0.0] AndroidManifest.xml:39:27-75
226
227                <data
227-->src\main\AndroidManifest.xml:45:13-50
228                    android:host="firebase.auth"
229                    android:path="/"
230                    android:scheme="genericidp" />
231            </intent-filter>
232        </activity>
233        <activity
233-->[com.google.firebase:firebase-auth:23.0.0] AndroidManifest.xml:47:9-64:20
234            android:name="com.google.firebase.auth.internal.RecaptchaActivity"
234-->[com.google.firebase:firebase-auth:23.0.0] AndroidManifest.xml:48:13-79
235            android:excludeFromRecents="true"
235-->[com.google.firebase:firebase-auth:23.0.0] AndroidManifest.xml:49:13-46
236            android:exported="true"
236-->[com.google.firebase:firebase-auth:23.0.0] AndroidManifest.xml:50:13-36
237            android:launchMode="singleTask"
237-->[com.google.firebase:firebase-auth:23.0.0] AndroidManifest.xml:51:13-44
238            android:theme="@android:style/Theme.Translucent.NoTitleBar" >
238-->[com.google.firebase:firebase-auth:23.0.0] AndroidManifest.xml:52:13-72
239            <intent-filter>
239-->[com.google.firebase:firebase-auth:23.0.0] AndroidManifest.xml:53:13-63:29
240                <action android:name="android.intent.action.VIEW" />
240-->[com.google.firebase:firebase-auth:23.0.0] AndroidManifest.xml:36:17-69
240-->[com.google.firebase:firebase-auth:23.0.0] AndroidManifest.xml:36:25-66
241
242                <category android:name="android.intent.category.DEFAULT" />
242-->[com.google.firebase:firebase-auth:23.0.0] AndroidManifest.xml:38:17-76
242-->[com.google.firebase:firebase-auth:23.0.0] AndroidManifest.xml:38:27-73
243                <category android:name="android.intent.category.BROWSABLE" />
243-->[com.google.firebase:firebase-auth:23.0.0] AndroidManifest.xml:39:17-78
243-->[com.google.firebase:firebase-auth:23.0.0] AndroidManifest.xml:39:27-75
244
245                <data
245-->src\main\AndroidManifest.xml:45:13-50
246                    android:host="firebase.auth"
247                    android:path="/"
248                    android:scheme="recaptcha" />
249            </intent-filter>
250        </activity>
251
252        <uses-library
252-->[androidx.window:window:1.0.0-beta04] AndroidManifest.xml:25:9-27:40
253            android:name="androidx.window.extensions"
253-->[androidx.window:window:1.0.0-beta04] AndroidManifest.xml:26:13-54
254            android:required="false" />
254-->[androidx.window:window:1.0.0-beta04] AndroidManifest.xml:27:13-37
255        <uses-library
255-->[androidx.window:window:1.0.0-beta04] AndroidManifest.xml:28:9-30:40
256            android:name="androidx.window.sidecar"
256-->[androidx.window:window:1.0.0-beta04] AndroidManifest.xml:29:13-51
257            android:required="false" />
257-->[androidx.window:window:1.0.0-beta04] AndroidManifest.xml:30:13-37
258
259        <service
259-->[androidx.credentials:credentials-play-services-auth:1.2.0-rc01] AndroidManifest.xml:24:9-32:19
260            android:name="androidx.credentials.playservices.CredentialProviderMetadataHolder"
260-->[androidx.credentials:credentials-play-services-auth:1.2.0-rc01] AndroidManifest.xml:25:13-94
261            android:enabled="true"
261-->[androidx.credentials:credentials-play-services-auth:1.2.0-rc01] AndroidManifest.xml:26:13-35
262            android:exported="false" >
262-->[androidx.credentials:credentials-play-services-auth:1.2.0-rc01] AndroidManifest.xml:27:13-37
263            <meta-data
263-->[androidx.credentials:credentials-play-services-auth:1.2.0-rc01] AndroidManifest.xml:29:13-31:104
264                android:name="androidx.credentials.CREDENTIAL_PROVIDER_KEY"
264-->[androidx.credentials:credentials-play-services-auth:1.2.0-rc01] AndroidManifest.xml:30:17-76
265                android:value="androidx.credentials.playservices.CredentialProviderPlayServicesImpl" />
265-->[androidx.credentials:credentials-play-services-auth:1.2.0-rc01] AndroidManifest.xml:31:17-101
266        </service>
267
268        <activity
268-->[androidx.credentials:credentials-play-services-auth:1.2.0-rc01] AndroidManifest.xml:34:9-41:20
269            android:name="androidx.credentials.playservices.HiddenActivity"
269-->[androidx.credentials:credentials-play-services-auth:1.2.0-rc01] AndroidManifest.xml:35:13-76
270            android:configChanges="orientation|screenSize|screenLayout|keyboardHidden"
270-->[androidx.credentials:credentials-play-services-auth:1.2.0-rc01] AndroidManifest.xml:36:13-87
271            android:enabled="true"
271-->[androidx.credentials:credentials-play-services-auth:1.2.0-rc01] AndroidManifest.xml:37:13-35
272            android:exported="false"
272-->[androidx.credentials:credentials-play-services-auth:1.2.0-rc01] AndroidManifest.xml:38:13-37
273            android:fitsSystemWindows="true"
273-->[androidx.credentials:credentials-play-services-auth:1.2.0-rc01] AndroidManifest.xml:39:13-45
274            android:theme="@style/Theme.Hidden" >
274-->[androidx.credentials:credentials-play-services-auth:1.2.0-rc01] AndroidManifest.xml:40:13-48
275        </activity>
276
277        <receiver
277-->[com.google.firebase:firebase-messaging:24.0.0] AndroidManifest.xml:29:9-40:20
278            android:name="com.google.firebase.iid.FirebaseInstanceIdReceiver"
278-->[com.google.firebase:firebase-messaging:24.0.0] AndroidManifest.xml:30:13-78
279            android:exported="true"
279-->[com.google.firebase:firebase-messaging:24.0.0] AndroidManifest.xml:31:13-36
280            android:permission="com.google.android.c2dm.permission.SEND" >
280-->[com.google.firebase:firebase-messaging:24.0.0] AndroidManifest.xml:32:13-73
281            <intent-filter>
281-->[:firebase_messaging] AndroidManifest.xml:32:13-34:29
282                <action android:name="com.google.android.c2dm.intent.RECEIVE" />
282-->[:firebase_messaging] AndroidManifest.xml:33:17-81
282-->[:firebase_messaging] AndroidManifest.xml:33:25-78
283            </intent-filter>
284
285            <meta-data
285-->[com.google.firebase:firebase-messaging:24.0.0] AndroidManifest.xml:37:13-39:40
286                android:name="com.google.android.gms.cloudmessaging.FINISHED_AFTER_HANDLED"
286-->[com.google.firebase:firebase-messaging:24.0.0] AndroidManifest.xml:38:17-92
287                android:value="true" />
287-->[com.google.firebase:firebase-messaging:24.0.0] AndroidManifest.xml:39:17-37
288        </receiver>
289        <!--
290             FirebaseMessagingService performs security checks at runtime,
291             but set to not exported to explicitly avoid allowing another app to call it.
292        -->
293        <service
293-->[com.google.firebase:firebase-messaging:24.0.0] AndroidManifest.xml:46:9-53:19
294            android:name="com.google.firebase.messaging.FirebaseMessagingService"
294-->[com.google.firebase:firebase-messaging:24.0.0] AndroidManifest.xml:47:13-82